<?xml version="1.0" encoding="UTF-8"?>
<!-- Generated by org.testng.reporters.JUnitReportReporter -->
<testsuite hostname="Balajis-MBP.lan" failures="0" tests="3" name="pro_gitbranch.pro5.MatchUp" time="0.012" errors="0" timestamp="2022-12-08T16:48:23 CST" skipped="0">
  <testcase classname="pro_gitbranch.pro5.MatchUp" name="test2" time="0.001"/>
  <system-out/>
  <testcase classname="pro_gitbranch.pro5.MatchUp" name="test1" time="0.010"/>
  <system-out/>
  <testcase classname="pro_gitbranch.pro5.MatchUp" name="test3" time="0.001"/>
  <system-out/>
</testsuite> <!-- pro_gitbranch.pro5.MatchUp -->
